<?xml version="1.0" encoding="UTF-8"?>
<testng-results skipped="0" failed="0" ignored="0" total="2" passed="2">
  <reporter-output>
    <line>
      <![CDATA[The Home page is displayed ]]>
    </line>
    <line>
      <![CDATA[testLogin is paased]]>
    </line>
    <line>
      <![CDATA[Username entered ]]>
    </line>
    <line>
      <![CDATA[Password entered ]]>
    </line>
    <line>
      <![CDATA[the login button clicked ]]>
    </line>
    <line>
      <![CDATA[Verified invalid inputs ]]>
    </line>
    <line>
      <![CDATA[testinvalidLogin is paased]]>
    </line>
  </reporter-output>
  <suite name="Suite" duration-ms="37686" started-at="2019-05-21T07:23:49Z" finished-at="2019-05-21T07:24:27Z">
    <groups>
    </groups>
    <test name="Test" duration-ms="37686" started-at="2019-05-21T07:23:49Z" finished-at="2019-05-21T07:24:27Z">
      <class name="script.TestnvalidLogin">
        <test-method status="PASS" signature="openApplication()[pri:0, instance:script.TestnvalidLogin@685cb137]" name="openApplication" is-config="true" duration-ms="8015" started-at="2019-05-21T07:24:17Z" finished-at="2019-05-21T07:24:25Z">
          <reporter-output>
          </reporter-output>
        </test-method> <!-- openApplication -->
        <test-method status="PASS" signature="testinvalidLogin()[pri:0, instance:script.TestnvalidLogin@685cb137]" name="testinvalidLogin" duration-ms="1625" started-at="2019-05-21T07:24:25Z" finished-at="2019-05-21T07:24:27Z">
          <reporter-output>
            <line>
              <![CDATA[Username entered ]]>
            </line>
            <line>
              <![CDATA[Password entered ]]>
            </line>
            <line>
              <![CDATA[the login button clicked ]]>
            </line>
            <line>
              <![CDATA[Verified invalid inputs ]]>
            </line>
          </reporter-output>
        </test-method> <!-- testinvalidLogin -->
        <test-method status="PASS" signature="closeApplication(org.testng.ITestResult)[pri:0, instance:script.TestnvalidLogin@685cb137]" name="closeApplication" is-config="true" duration-ms="153" started-at="2019-05-21T07:24:27Z" finished-at="2019-05-21T07:24:27Z">
          <params>
            <param index="0">
              <value>
                <![CDATA[[TestResult name=testinvalidLogin status=SUCCESS method=TestnvalidLogin.testinvalidLogin()[pri:0, instance:script.TestnvalidLogin@685cb137] output=Username entered ]]]>
              </value>
            </param>
          </params>
          <reporter-output>
            <line>
              <![CDATA[testinvalidLogin is paased]]>
            </line>
          </reporter-output>
        </test-method> <!-- closeApplication -->
      </class> <!-- script.TestnvalidLogin -->
      <class name="script.TestLogin">
        <test-method status="PASS" signature="openApplication()[pri:0, instance:script.TestLogin@6a4f787b]" name="openApplication" is-config="true" duration-ms="19253" started-at="2019-05-21T07:23:49Z" finished-at="2019-05-21T07:24:08Z">
          <reporter-output>
          </reporter-output>
        </test-method> <!-- openApplication -->
        <test-method status="PASS" signature="testLogin()[pri:0, instance:script.TestLogin@6a4f787b]" name="testLogin" duration-ms="7778" started-at="2019-05-21T07:24:08Z" finished-at="2019-05-21T07:24:16Z">
          <reporter-output>
            <line>
              <![CDATA[The Home page is displayed ]]>
            </line>
          </reporter-output>
        </test-method> <!-- testLogin -->
        <test-method status="PASS" signature="closeApplication(org.testng.ITestResult)[pri:0, instance:script.TestLogin@6a4f787b]" name="closeApplication" is-config="true" duration-ms="826" started-at="2019-05-21T07:24:16Z" finished-at="2019-05-21T07:24:17Z">
          <params>
            <param index="0">
              <value>
                <![CDATA[[TestResult name=testLogin status=SUCCESS method=TestLogin.testLogin()[pri:0, instance:script.TestLogin@6a4f787b] output=The Home page is displayed ]]]>
              </value>
            </param>
          </params>
          <reporter-output>
            <line>
              <![CDATA[testLogin is paased]]>
            </line>
          </reporter-output>
        </test-method> <!-- closeApplication -->
      </class> <!-- script.TestLogin -->
    </test> <!-- Test -->
  </suite> <!-- Suite -->
</testng-results>
