<?xml version="1.0" encoding="UTF-8"?>
<testng-results skipped="0" failed="0" ignored="0" total="2" passed="2">
  <reporter-output>
    <line>
      <![CDATA[The Home page is displayed ]]>
    </line>
    <line>
      <![CDATA[testLogin is paased]]>
    </line>
    <line>
      <![CDATA[Username entered ]]>
    </line>
    <line>
      <![CDATA[Password entered ]]>
    </line>
    <line>
      <![CDATA[the login button clicked ]]>
    </line>
    <line>
      <![CDATA[Verified invalid inputs ]]>
    </line>
    <line>
      <![CDATA[testinvalidLogin is paased]]>
    </line>
  </reporter-output>
  <suite name="Suite" duration-ms="28938" started-at="2019-05-21T12:48:43Z" finished-at="2019-05-21T12:49:12Z">
    <groups>
    </groups>
    <test name="Test" duration-ms="28938" started-at="2019-05-21T12:48:43Z" finished-at="2019-05-21T12:49:12Z">
      <class name="script.TestnvalidLogin">
        <test-method status="PASS" signature="openApplication()[pri:0, instance:script.TestnvalidLogin@7cd62f43]" name="openApplication" is-config="true" duration-ms="7519" started-at="2019-05-21T12:49:03Z" finished-at="2019-05-21T12:49:10Z">
          <reporter-output>
          </reporter-output>
        </test-method> <!-- openApplication -->
        <test-method status="PASS" signature="testinvalidLogin()[pri:0, instance:script.TestnvalidLogin@7cd62f43]" name="testinvalidLogin" duration-ms="1458" started-at="2019-05-21T12:49:10Z" finished-at="2019-05-21T12:49:12Z">
          <reporter-output>
            <line>
              <![CDATA[Username entered ]]>
            </line>
            <line>
              <![CDATA[Password entered ]]>
            </line>
            <line>
              <![CDATA[the login button clicked ]]>
            </line>
            <line>
              <![CDATA[Verified invalid inputs ]]>
            </line>
          </reporter-output>
        </test-method> <!-- testinvalidLogin -->
        <test-method status="PASS" signature="closeApplication(org.testng.ITestResult)[pri:0, instance:script.TestnvalidLogin@7cd62f43]" name="closeApplication" is-config="true" duration-ms="110" started-at="2019-05-21T12:49:12Z" finished-at="2019-05-21T12:49:12Z">
          <params>
            <param index="0">
              <value>
                <![CDATA[[TestResult name=testinvalidLogin status=SUCCESS method=TestnvalidLogin.testinvalidLogin()[pri:0, instance:script.TestnvalidLogin@7cd62f43] output=Username entered ]]]>
              </value>
            </param>
          </params>
          <reporter-output>
            <line>
              <![CDATA[testinvalidLogin is paased]]>
            </line>
          </reporter-output>
        </test-method> <!-- closeApplication -->
      </class> <!-- script.TestnvalidLogin -->
      <class name="script.TestLogin">
        <test-method status="PASS" signature="openApplication()[pri:0, instance:script.TestLogin@6a41eaa2]" name="openApplication" is-config="true" duration-ms="13976" started-at="2019-05-21T12:48:43Z" finished-at="2019-05-21T12:48:57Z">
          <reporter-output>
          </reporter-output>
        </test-method> <!-- openApplication -->
        <test-method status="PASS" signature="testLogin()[pri:0, instance:script.TestLogin@6a41eaa2]" name="testLogin" duration-ms="3490" started-at="2019-05-21T12:48:57Z" finished-at="2019-05-21T12:49:01Z">
          <reporter-output>
            <line>
              <![CDATA[The Home page is displayed ]]>
            </line>
          </reporter-output>
        </test-method> <!-- testLogin -->
        <test-method status="PASS" signature="closeApplication(org.testng.ITestResult)[pri:0, instance:script.TestLogin@6a41eaa2]" name="closeApplication" is-config="true" duration-ms="2326" started-at="2019-05-21T12:49:01Z" finished-at="2019-05-21T12:49:03Z">
          <params>
            <param index="0">
              <value>
                <![CDATA[[TestResult name=testLogin status=SUCCESS method=TestLogin.testLogin()[pri:0, instance:script.TestLogin@6a41eaa2] output=The Home page is displayed ]]]>
              </value>
            </param>
          </params>
          <reporter-output>
            <line>
              <![CDATA[testLogin is paased]]>
            </line>
          </reporter-output>
        </test-method> <!-- closeApplication -->
      </class> <!-- script.TestLogin -->
    </test> <!-- Test -->
  </suite> <!-- Suite -->
</testng-results>
